Arguments: 
  /snap/node/8522/bin/node /snap/node/8522/bin/yarn.js

PATH: 
  /home/teida/.vscode-server/bin/e170252f762678dec6ca2cc69aba1570769a5d39/bin/remote-cli:/home/teida/.local/bin:/usr/local/sbin:/usr/local/bin:/usr/sbin:/usr/bin:/sbin:/bin:/usr/games:/usr/local/games:/usr/lib/wsl/lib:/mnt/c/Program Files/Common Files/Oracle/Java/javapath:/mnt/c/Program Files/Microsoft/jdk-11.0.16.101-hotspot/bin:/mnt/c/WINDOWS/system32:/mnt/c/WINDOWS:/mnt/c/WINDOWS/System32/Wbem:/mnt/c/WINDOWS/System32/WindowsPowerShell/v1.0/:/mnt/c/WINDOWS/System32/OpenSSH/:/mnt/c/Program Files/nodejs/:/mnt/c/Program Files (x86)/GnuWin32/bin:/mnt/c/MinGW/bin:/mnt/c/Program Files/Microsoft SQL Server/Client SDK/ODBC/170/Tools/Binn/:/mnt/c/Program Files/Microsoft SQL Server/Client SDK/ODBC/130/Tools/Binn/:/mnt/c/Program Files (x86)/Microsoft SQL Server/150/Tools/Binn/:/mnt/c/Program Files/Microsoft SQL Server/150/Tools/Binn/:/mnt/c/Program Files/Microsoft SQL Server/150/DTS/Binn/:/mnt/c/Program Files (x86)/dotnet:/mnt/c/Program Files/dotnet/:/mnt/c/Program Files/Git/cmd:/mnt/d/Programs/ApplicationInstallation/runtime/win64:/mnt/d/Programs/ApplicationInstallation/bin:/mnt/c/Program Files (x86)/Windows Kits/10/Windows Performance Toolkit/:/mnt/c/Program Files/MiKTeX/miktex/bin/x64/:/mnt/c/Program Files/PowerShell/7/:/mnt/c/Users/PC/AppData/Local/Microsoft/WindowsApps:/mnt/c/Users/PC/AppData/Roaming/npm:/mnt/c/Users/PC/.dotnet/tools:/mnt/c/Program Files/Azure Data Studio/bin:/mnt/c/Program Files/Azure Data Studio/bin:/mnt/d/Programs/ApplicationInstallation/IntelliJ IDEA 2023.3.6/bin:/mnt/d/Programs/ApplicationInstallation/WebStorm 2023.3.6/bin:/mnt/c/Users/PC/AppData/Local/Programs/Microsoft VS Code/bin:/snap/bin

Yarn version: 
  1.22.19

Node version: 
  20.12.2

Platform: 
  linux x64

Trace: 
  AggregateError [ETIMEDOUT]: 
      at internalConnectMultiple (node:net:1116:18)
      at internalConnectMultiple (node:net:1184:5)
      at Timeout.internalConnectMultipleTimeout (node:net:1710:5)
      at listOnTimeout (node:internal/timers:575:11)
      at process.processTimers (node:internal/timers:514:7)

npm manifest: 
  {
    "name": "td1_sources",
    "version": "1.0.0",
    "description": "Code source initial du TD1",
    "main": "index.js",
    "scripts": {
      "start": "nodemon",
      "test": "echo \"Error: no test specified\" && exit 1",
      "predev": "npm run swagger",
      "prebuild": "npm run swagger",
      "build": "tsc",
      "dev": "concurrently \"nodemon\" \"nodemon -x tsoa spec\"",
      "swagger": "tsoa spec"
    },
    "keywords": [],
    "author": "teida",
    "license": "ISC",
    "devDependencies": {
      "@types/bcrypt": "^5.0.2",
      "@types/express": "^4.17.21",
      "@types/jsonwebtoken": "^9.0.6",
      "@types/morgan": "^1.9.9",
      "@types/node": "^20.11.19",
      "typescript": "^5.3.3"
    },
    "dependencies": {
      "@types/body-parser": "^1.19.5",
      "@types/cors": "^2.8.17",
      "bcrypt": "^5.1.1",
      "body-parser": "^1.20.2",
      "cors": "^2.8.5",
      "dotenv": "^16.4.5",
      "express": "^4.18.2",
      "helmet": "^7.1.0",
      "jsonwebtoken": "^9.0.2",
      "mongoose": "^8.3.0",
      "morgan": "^1.10.0",
      "nodemon": "^3.0.3",
      "ts-node": "^10.9.2"
    }
  }

yarn manifest: 
  No manifest

Lockfile: 
  No lockfile
